/fh/fast/subramaniam_a/user/rasi/virtualenv/py362/lib/python3.6/site-packages/matplotlib/__init__.py:846: MatplotlibDeprecationWarning: 
The text.latex.unicode rcparam was deprecated in Matplotlib 2.2 and will be removed in 3.1.
  "2.2", name=key, obj_type="rcparam", addendum=addendum)
/fh/fast/subramaniam_a/user/rasi/virtualenv/py362/lib/python3.6/site-packages/matplotlib/__init__.py:855: MatplotlibDeprecationWarning: 
examples.directory is deprecated; in the future, examples will be found relative to the 'datapath' directory.
  "found relative to the 'datapath' directory.".format(key))
/fh/fast/subramaniam_a/user/rasi/virtualenv/py362/lib/python3.6/site-packages/matplotlib/__init__.py:886: MatplotlibDeprecationWarning: 
examples.directory is deprecated; in the future, examples will be found relative to the 'datapath' directory.
  "found relative to the 'datapath' directory.".format(key))
/fh/fast/subramaniam_a/user/rasi/virtualenv/py362/lib/python3.6/site-packages/matplotlib/__init__.py:855: MatplotlibDeprecationWarning: 
examples.directory is deprecated; in the future, examples will be found relative to the 'datapath' directory.
  "found relative to the 'datapath' directory.".format(key))
Building DAG of jobs...
Using shell: /bin/bash
Provided cluster nodes: 999
Job counts:
	count	jobs
	1	all
	1	analyze_data
	6	run_simulation
	8

[Tue Jan  1 18:42:18 2019]
rule run_simulation:
    input: ../../tasep.py, choose_simulation_parameters.py
    output: output/tasep_2_.rxns.tsv.gz, output/tasep_2_.params.tsv.gz, output/tasep_2_connect.rxns.tsv.gz, output/tasep_2_connect.params.tsv.gz
    jobid: 4
    wildcards: n=2

Submitted job 4 with external jobid 'Submitted batch job 31256141'.

[Tue Jan  1 18:42:18 2019]
rule run_simulation:
    input: ../../tasep.py, choose_simulation_parameters.py
    output: output/tasep_3_.rxns.tsv.gz, output/tasep_3_.params.tsv.gz, output/tasep_3_connect.rxns.tsv.gz, output/tasep_3_connect.params.tsv.gz
    jobid: 5
    wildcards: n=3

Submitted job 5 with external jobid 'Submitted batch job 31256143'.

[Tue Jan  1 18:42:19 2019]
rule run_simulation:
    input: ../../tasep.py, choose_simulation_parameters.py
    output: output/tasep_0_.rxns.tsv.gz, output/tasep_0_.params.tsv.gz, output/tasep_0_connect.rxns.tsv.gz, output/tasep_0_connect.params.tsv.gz
    jobid: 2
    wildcards: n=0

Submitted job 2 with external jobid 'Submitted batch job 31256145'.

[Tue Jan  1 18:42:19 2019]
rule run_simulation:
    input: ../../tasep.py, choose_simulation_parameters.py
    output: output/tasep_1_.rxns.tsv.gz, output/tasep_1_.params.tsv.gz, output/tasep_1_connect.rxns.tsv.gz, output/tasep_1_connect.params.tsv.gz
    jobid: 3
    wildcards: n=1

Submitted job 3 with external jobid 'Submitted batch job 31256147'.

[Tue Jan  1 18:42:19 2019]
rule run_simulation:
    input: ../../tasep.py, choose_simulation_parameters.py
    output: output/tasep_5_.rxns.tsv.gz, output/tasep_5_.params.tsv.gz, output/tasep_5_connect.rxns.tsv.gz, output/tasep_5_connect.params.tsv.gz
    jobid: 7
    wildcards: n=5

Submitted job 7 with external jobid 'Submitted batch job 31256149'.

[Tue Jan  1 18:42:19 2019]
rule run_simulation:
    input: ../../tasep.py, choose_simulation_parameters.py
    output: output/tasep_4_.rxns.tsv.gz, output/tasep_4_.params.tsv.gz, output/tasep_4_connect.rxns.tsv.gz, output/tasep_4_connect.params.tsv.gz
    jobid: 6
    wildcards: n=4

Submitted job 6 with external jobid 'Submitted batch job 31256150'.
