/fh/fast/subramaniam_a/user/rasi/virtualenv/py362/lib/python3.6/site-packages/matplotlib/__init__.py:846: MatplotlibDeprecationWarning: 
The text.latex.unicode rcparam was deprecated in Matplotlib 2.2 and will be removed in 3.1.
  "2.2", name=key, obj_type="rcparam", addendum=addendum)
/fh/fast/subramaniam_a/user/rasi/virtualenv/py362/lib/python3.6/site-packages/matplotlib/__init__.py:855: MatplotlibDeprecationWarning: 
examples.directory is deprecated; in the future, examples will be found relative to the 'datapath' directory.
  "found relative to the 'datapath' directory.".format(key))
/fh/fast/subramaniam_a/user/rasi/virtualenv/py362/lib/python3.6/site-packages/matplotlib/__init__.py:886: MatplotlibDeprecationWarning: 
examples.directory is deprecated; in the future, examples will be found relative to the 'datapath' directory.
  "found relative to the 'datapath' directory.".format(key))
/fh/fast/subramaniam_a/user/rasi/virtualenv/py362/lib/python3.6/site-packages/matplotlib/__init__.py:855: MatplotlibDeprecationWarning: 
examples.directory is deprecated; in the future, examples will be found relative to the 'datapath' directory.
  "found relative to the 'datapath' directory.".format(key))
Building DAG of jobs...
Using shell: /bin/bash
Provided cluster nodes: 999
Job counts:
	count	jobs
	1	all
	1	analyze_data
	1	combine_mrna_protein_stats
	90	run_simulation
	93

[Tue Jan  1 18:42:02 2019]
rule run_simulation:
    input: choose_simulation_parameters.py, ../../tasep.py
    output: output/tasep_53_psr_stats.tsv.gz, output/tasep_53_mrna_lifetime_stats.tsv.gz, output/tasep_53.params.tsv.gz, output/tasep_53_collision_stats.tsv.gz
    jobid: 56
    wildcards: n=53

Submitted job 56 with external jobid 'Submitted batch job 31255928'.

[Tue Jan  1 18:42:02 2019]
rule run_simulation:
    input: choose_simulation_parameters.py, ../../tasep.py
    output: output/tasep_25_psr_stats.tsv.gz, output/tasep_25_mrna_lifetime_stats.tsv.gz, output/tasep_25.params.tsv.gz, output/tasep_25_collision_stats.tsv.gz
    jobid: 28
    wildcards: n=25

Submitted job 28 with external jobid 'Submitted batch job 31255930'.

[Tue Jan  1 18:42:02 2019]
rule run_simulation:
    input: choose_simulation_parameters.py, ../../tasep.py
    output: output/tasep_43_psr_stats.tsv.gz, output/tasep_43_mrna_lifetime_stats.tsv.gz, output/tasep_43.params.tsv.gz, output/tasep_43_collision_stats.tsv.gz
    jobid: 46
    wildcards: n=43

Submitted job 46 with external jobid 'Submitted batch job 31255932'.

[Tue Jan  1 18:42:03 2019]
rule run_simulation:
    input: choose_simulation_parameters.py, ../../tasep.py
    output: output/tasep_66_psr_stats.tsv.gz, output/tasep_66_mrna_lifetime_stats.tsv.gz, output/tasep_66.params.tsv.gz, output/tasep_66_collision_stats.tsv.gz
    jobid: 69
    wildcards: n=66

Submitted job 69 with external jobid 'Submitted batch job 31255933'.

[Tue Jan  1 18:42:03 2019]
rule run_simulation:
    input: choose_simulation_parameters.py, ../../tasep.py
    output: output/tasep_63_psr_stats.tsv.gz, output/tasep_63_mrna_lifetime_stats.tsv.gz, output/tasep_63.params.tsv.gz, output/tasep_63_collision_stats.tsv.gz
    jobid: 66
    wildcards: n=63

Submitted job 66 with external jobid 'Submitted batch job 31255936'.

[Tue Jan  1 18:42:03 2019]
rule run_simulation:
    input: choose_simulation_parameters.py, ../../tasep.py
    output: output/tasep_42_psr_stats.tsv.gz, output/tasep_42_mrna_lifetime_stats.tsv.gz, output/tasep_42.params.tsv.gz, output/tasep_42_collision_stats.tsv.gz
    jobid: 45
    wildcards: n=42

Submitted job 45 with external jobid 'Submitted batch job 31255938'.

[Tue Jan  1 18:42:03 2019]
rule run_simulation:
    input: choose_simulation_parameters.py, ../../tasep.py
    output: output/tasep_88_psr_stats.tsv.gz, output/tasep_88_mrna_lifetime_stats.tsv.gz, output/tasep_88.params.tsv.gz, output/tasep_88_collision_stats.tsv.gz
    jobid: 91
    wildcards: n=88

Submitted job 91 with external jobid 'Submitted batch job 31255940'.

[Tue Jan  1 18:42:03 2019]
rule run_simulation:
    input: choose_simulation_parameters.py, ../../tasep.py
    output: output/tasep_38_psr_stats.tsv.gz, output/tasep_38_mrna_lifetime_stats.tsv.gz, output/tasep_38.params.tsv.gz, output/tasep_38_collision_stats.tsv.gz
    jobid: 41
    wildcards: n=38

Submitted job 41 with external jobid 'Submitted batch job 31255941'.

[Tue Jan  1 18:42:03 2019]
rule run_simulation:
    input: choose_simulation_parameters.py, ../../tasep.py
    output: output/tasep_57_psr_stats.tsv.gz, output/tasep_57_mrna_lifetime_stats.tsv.gz, output/tasep_57.params.tsv.gz, output/tasep_57_collision_stats.tsv.gz
    jobid: 60
    wildcards: n=57

Submitted job 60 with external jobid 'Submitted batch job 31255943'.

[Tue Jan  1 18:42:03 2019]
rule run_simulation:
    input: choose_simulation_parameters.py, ../../tasep.py
    output: output/tasep_22_psr_stats.tsv.gz, output/tasep_22_mrna_lifetime_stats.tsv.gz, output/tasep_22.params.tsv.gz, output/tasep_22_collision_stats.tsv.gz
    jobid: 25
    wildcards: n=22

Submitted job 25 with external jobid 'Submitted batch job 31255945'.

[Tue Jan  1 18:42:03 2019]
rule run_simulation:
    input: choose_simulation_parameters.py, ../../tasep.py
    output: output/tasep_75_psr_stats.tsv.gz, output/tasep_75_mrna_lifetime_stats.tsv.gz, output/tasep_75.params.tsv.gz, output/tasep_75_collision_stats.tsv.gz
    jobid: 78
    wildcards: n=75

Submitted job 78 with external jobid 'Submitted batch job 31255947'.

[Tue Jan  1 18:42:04 2019]
rule run_simulation:
    input: choose_simulation_parameters.py, ../../tasep.py
    output: output/tasep_48_psr_stats.tsv.gz, output/tasep_48_mrna_lifetime_stats.tsv.gz, output/tasep_48.params.tsv.gz, output/tasep_48_collision_stats.tsv.gz
    jobid: 51
    wildcards: n=48

Submitted job 51 with external jobid 'Submitted batch job 31255949'.

[Tue Jan  1 18:42:04 2019]
rule run_simulation:
    input: choose_simulation_parameters.py, ../../tasep.py
    output: output/tasep_40_psr_stats.tsv.gz, output/tasep_40_mrna_lifetime_stats.tsv.gz, output/tasep_40.params.tsv.gz, output/tasep_40_collision_stats.tsv.gz
    jobid: 43
    wildcards: n=40

Submitted job 43 with external jobid 'Submitted batch job 31255951'.

[Tue Jan  1 18:42:04 2019]
rule run_simulation:
    input: choose_simulation_parameters.py, ../../tasep.py
    output: output/tasep_80_psr_stats.tsv.gz, output/tasep_80_mrna_lifetime_stats.tsv.gz, output/tasep_80.params.tsv.gz, output/tasep_80_collision_stats.tsv.gz
    jobid: 83
    wildcards: n=80

Submitted job 83 with external jobid 'Submitted batch job 31255953'.

[Tue Jan  1 18:42:04 2019]
rule run_simulation:
    input: choose_simulation_parameters.py, ../../tasep.py
    output: output/tasep_65_psr_stats.tsv.gz, output/tasep_65_mrna_lifetime_stats.tsv.gz, output/tasep_65.params.tsv.gz, output/tasep_65_collision_stats.tsv.gz
    jobid: 68
    wildcards: n=65

Submitted job 68 with external jobid 'Submitted batch job 31255955'.

[Tue Jan  1 18:42:04 2019]
rule run_simulation:
    input: choose_simulation_parameters.py, ../../tasep.py
    output: output/tasep_79_psr_stats.tsv.gz, output/tasep_79_mrna_lifetime_stats.tsv.gz, output/tasep_79.params.tsv.gz, output/tasep_79_collision_stats.tsv.gz
    jobid: 82
    wildcards: n=79

Submitted job 82 with external jobid 'Submitted batch job 31255957'.

[Tue Jan  1 18:42:04 2019]
rule run_simulation:
    input: choose_simulation_parameters.py, ../../tasep.py
    output: output/tasep_55_psr_stats.tsv.gz, output/tasep_55_mrna_lifetime_stats.tsv.gz, output/tasep_55.params.tsv.gz, output/tasep_55_collision_stats.tsv.gz
    jobid: 58
    wildcards: n=55

Submitted job 58 with external jobid 'Submitted batch job 31255959'.

[Tue Jan  1 18:42:04 2019]
rule run_simulation:
    input: choose_simulation_parameters.py, ../../tasep.py
    output: output/tasep_76_psr_stats.tsv.gz, output/tasep_76_mrna_lifetime_stats.tsv.gz, output/tasep_76.params.tsv.gz, output/tasep_76_collision_stats.tsv.gz
    jobid: 79
    wildcards: n=76

Submitted job 79 with external jobid 'Submitted batch job 31255961'.

[Tue Jan  1 18:42:04 2019]
rule run_simulation:
    input: choose_simulation_parameters.py, ../../tasep.py
    output: output/tasep_60_psr_stats.tsv.gz, output/tasep_60_mrna_lifetime_stats.tsv.gz, output/tasep_60.params.tsv.gz, output/tasep_60_collision_stats.tsv.gz
    jobid: 63
    wildcards: n=60

Submitted job 63 with external jobid 'Submitted batch job 31255963'.

[Tue Jan  1 18:42:04 2019]
rule run_simulation:
    input: choose_simulation_parameters.py, ../../tasep.py
    output: output/tasep_47_psr_stats.tsv.gz, output/tasep_47_mrna_lifetime_stats.tsv.gz, output/tasep_47.params.tsv.gz, output/tasep_47_collision_stats.tsv.gz
    jobid: 50
    wildcards: n=47

Submitted job 50 with external jobid 'Submitted batch job 31255965'.

[Tue Jan  1 18:42:05 2019]
rule run_simulation:
    input: choose_simulation_parameters.py, ../../tasep.py
    output: output/tasep_68_psr_stats.tsv.gz, output/tasep_68_mrna_lifetime_stats.tsv.gz, output/tasep_68.params.tsv.gz, output/tasep_68_collision_stats.tsv.gz
    jobid: 71
    wildcards: n=68

Submitted job 71 with external jobid 'Submitted batch job 31255967'.

[Tue Jan  1 18:42:05 2019]
rule run_simulation:
    input: choose_simulation_parameters.py, ../../tasep.py
    output: output/tasep_12_psr_stats.tsv.gz, output/tasep_12_mrna_lifetime_stats.tsv.gz, output/tasep_12.params.tsv.gz, output/tasep_12_collision_stats.tsv.gz
    jobid: 15
    wildcards: n=12

Submitted job 15 with external jobid 'Submitted batch job 31255969'.

[Tue Jan  1 18:42:05 2019]
rule run_simulation:
    input: choose_simulation_parameters.py, ../../tasep.py
    output: output/tasep_21_psr_stats.tsv.gz, output/tasep_21_mrna_lifetime_stats.tsv.gz, output/tasep_21.params.tsv.gz, output/tasep_21_collision_stats.tsv.gz
    jobid: 24
    wildcards: n=21

Submitted job 24 with external jobid 'Submitted batch job 31255971'.

[Tue Jan  1 18:42:05 2019]
rule run_simulation:
    input: choose_simulation_parameters.py, ../../tasep.py
    output: output/tasep_0_psr_stats.tsv.gz, output/tasep_0_mrna_lifetime_stats.tsv.gz, output/tasep_0.params.tsv.gz, output/tasep_0_collision_stats.tsv.gz
    jobid: 3
    wildcards: n=0

Submitted job 3 with external jobid 'Submitted batch job 31255973'.

[Tue Jan  1 18:42:05 2019]
rule run_simulation:
    input: choose_simulation_parameters.py, ../../tasep.py
    output: output/tasep_56_psr_stats.tsv.gz, output/tasep_56_mrna_lifetime_stats.tsv.gz, output/tasep_56.params.tsv.gz, output/tasep_56_collision_stats.tsv.gz
    jobid: 59
    wildcards: n=56

Submitted job 59 with external jobid 'Submitted batch job 31255975'.

[Tue Jan  1 18:42:05 2019]
rule run_simulation:
    input: choose_simulation_parameters.py, ../../tasep.py
    output: output/tasep_85_psr_stats.tsv.gz, output/tasep_85_mrna_lifetime_stats.tsv.gz, output/tasep_85.params.tsv.gz, output/tasep_85_collision_stats.tsv.gz
    jobid: 88
    wildcards: n=85

Submitted job 88 with external jobid 'Submitted batch job 31255977'.

[Tue Jan  1 18:42:05 2019]
rule run_simulation:
    input: choose_simulation_parameters.py, ../../tasep.py
    output: output/tasep_58_psr_stats.tsv.gz, output/tasep_58_mrna_lifetime_stats.tsv.gz, output/tasep_58.params.tsv.gz, output/tasep_58_collision_stats.tsv.gz
    jobid: 61
    wildcards: n=58

Submitted job 61 with external jobid 'Submitted batch job 31255979'.

[Tue Jan  1 18:42:05 2019]
rule run_simulation:
    input: choose_simulation_parameters.py, ../../tasep.py
    output: output/tasep_8_psr_stats.tsv.gz, output/tasep_8_mrna_lifetime_stats.tsv.gz, output/tasep_8.params.tsv.gz, output/tasep_8_collision_stats.tsv.gz
    jobid: 11
    wildcards: n=8

Submitted job 11 with external jobid 'Submitted batch job 31255981'.

[Tue Jan  1 18:42:05 2019]
rule run_simulation:
    input: choose_simulation_parameters.py, ../../tasep.py
    output: output/tasep_51_psr_stats.tsv.gz, output/tasep_51_mrna_lifetime_stats.tsv.gz, output/tasep_51.params.tsv.gz, output/tasep_51_collision_stats.tsv.gz
    jobid: 54
    wildcards: n=51

Submitted job 54 with external jobid 'Submitted batch job 31255983'.

[Tue Jan  1 18:42:06 2019]
rule run_simulation:
    input: choose_simulation_parameters.py, ../../tasep.py
    output: output/tasep_2_psr_stats.tsv.gz, output/tasep_2_mrna_lifetime_stats.tsv.gz, output/tasep_2.params.tsv.gz, output/tasep_2_collision_stats.tsv.gz
    jobid: 5
    wildcards: n=2

Submitted job 5 with external jobid 'Submitted batch job 31255985'.

[Tue Jan  1 18:42:06 2019]
rule run_simulation:
    input: choose_simulation_parameters.py, ../../tasep.py
    output: output/tasep_46_psr_stats.tsv.gz, output/tasep_46_mrna_lifetime_stats.tsv.gz, output/tasep_46.params.tsv.gz, output/tasep_46_collision_stats.tsv.gz
    jobid: 49
    wildcards: n=46

Submitted job 49 with external jobid 'Submitted batch job 31255987'.

[Tue Jan  1 18:42:06 2019]
rule run_simulation:
    input: choose_simulation_parameters.py, ../../tasep.py
    output: output/tasep_64_psr_stats.tsv.gz, output/tasep_64_mrna_lifetime_stats.tsv.gz, output/tasep_64.params.tsv.gz, output/tasep_64_collision_stats.tsv.gz
    jobid: 67
    wildcards: n=64

Submitted job 67 with external jobid 'Submitted batch job 31255989'.

[Tue Jan  1 18:42:06 2019]
rule run_simulation:
    input: choose_simulation_parameters.py, ../../tasep.py
    output: output/tasep_59_psr_stats.tsv.gz, output/tasep_59_mrna_lifetime_stats.tsv.gz, output/tasep_59.params.tsv.gz, output/tasep_59_collision_stats.tsv.gz
    jobid: 62
    wildcards: n=59

Submitted job 62 with external jobid 'Submitted batch job 31255991'.

[Tue Jan  1 18:42:06 2019]
rule run_simulation:
    input: choose_simulation_parameters.py, ../../tasep.py
    output: output/tasep_52_psr_stats.tsv.gz, output/tasep_52_mrna_lifetime_stats.tsv.gz, output/tasep_52.params.tsv.gz, output/tasep_52_collision_stats.tsv.gz
    jobid: 55
    wildcards: n=52

Submitted job 55 with external jobid 'Submitted batch job 31255993'.

[Tue Jan  1 18:42:06 2019]
rule run_simulation:
    input: choose_simulation_parameters.py, ../../tasep.py
    output: output/tasep_78_psr_stats.tsv.gz, output/tasep_78_mrna_lifetime_stats.tsv.gz, output/tasep_78.params.tsv.gz, output/tasep_78_collision_stats.tsv.gz
    jobid: 81
    wildcards: n=78

Submitted job 81 with external jobid 'Submitted batch job 31255995'.

[Tue Jan  1 18:42:06 2019]
rule run_simulation:
    input: choose_simulation_parameters.py, ../../tasep.py
    output: output/tasep_28_psr_stats.tsv.gz, output/tasep_28_mrna_lifetime_stats.tsv.gz, output/tasep_28.params.tsv.gz, output/tasep_28_collision_stats.tsv.gz
    jobid: 31
    wildcards: n=28

Submitted job 31 with external jobid 'Submitted batch job 31255997'.

[Tue Jan  1 18:42:06 2019]
rule run_simulation:
    input: choose_simulation_parameters.py, ../../tasep.py
    output: output/tasep_84_psr_stats.tsv.gz, output/tasep_84_mrna_lifetime_stats.tsv.gz, output/tasep_84.params.tsv.gz, output/tasep_84_collision_stats.tsv.gz
    jobid: 87
    wildcards: n=84

Submitted job 87 with external jobid 'Submitted batch job 31255999'.

[Tue Jan  1 18:42:06 2019]
rule run_simulation:
    input: choose_simulation_parameters.py, ../../tasep.py
    output: output/tasep_19_psr_stats.tsv.gz, output/tasep_19_mrna_lifetime_stats.tsv.gz, output/tasep_19.params.tsv.gz, output/tasep_19_collision_stats.tsv.gz
    jobid: 22
    wildcards: n=19

Submitted job 22 with external jobid 'Submitted batch job 31256001'.

[Tue Jan  1 18:42:07 2019]
rule run_simulation:
    input: choose_simulation_parameters.py, ../../tasep.py
    output: output/tasep_17_psr_stats.tsv.gz, output/tasep_17_mrna_lifetime_stats.tsv.gz, output/tasep_17.params.tsv.gz, output/tasep_17_collision_stats.tsv.gz
    jobid: 20
    wildcards: n=17

Submitted job 20 with external jobid 'Submitted batch job 31256003'.

[Tue Jan  1 18:42:07 2019]
rule run_simulation:
    input: choose_simulation_parameters.py, ../../tasep.py
    output: output/tasep_86_psr_stats.tsv.gz, output/tasep_86_mrna_lifetime_stats.tsv.gz, output/tasep_86.params.tsv.gz, output/tasep_86_collision_stats.tsv.gz
    jobid: 89
    wildcards: n=86

Submitted job 89 with external jobid 'Submitted batch job 31256005'.

[Tue Jan  1 18:42:07 2019]
rule run_simulation:
    input: choose_simulation_parameters.py, ../../tasep.py
    output: output/tasep_41_psr_stats.tsv.gz, output/tasep_41_mrna_lifetime_stats.tsv.gz, output/tasep_41.params.tsv.gz, output/tasep_41_collision_stats.tsv.gz
    jobid: 44
    wildcards: n=41

Submitted job 44 with external jobid 'Submitted batch job 31256007'.

[Tue Jan  1 18:42:07 2019]
rule run_simulation:
    input: choose_simulation_parameters.py, ../../tasep.py
    output: output/tasep_89_psr_stats.tsv.gz, output/tasep_89_mrna_lifetime_stats.tsv.gz, output/tasep_89.params.tsv.gz, output/tasep_89_collision_stats.tsv.gz
    jobid: 92
    wildcards: n=89

Submitted job 92 with external jobid 'Submitted batch job 31256010'.

[Tue Jan  1 18:42:07 2019]
rule run_simulation:
    input: choose_simulation_parameters.py, ../../tasep.py
    output: output/tasep_27_psr_stats.tsv.gz, output/tasep_27_mrna_lifetime_stats.tsv.gz, output/tasep_27.params.tsv.gz, output/tasep_27_collision_stats.tsv.gz
    jobid: 30
    wildcards: n=27

Submitted job 30 with external jobid 'Submitted batch job 31256013'.

[Tue Jan  1 18:42:07 2019]
rule run_simulation:
    input: choose_simulation_parameters.py, ../../tasep.py
    output: output/tasep_44_psr_stats.tsv.gz, output/tasep_44_mrna_lifetime_stats.tsv.gz, output/tasep_44.params.tsv.gz, output/tasep_44_collision_stats.tsv.gz
    jobid: 47
    wildcards: n=44

Submitted job 47 with external jobid 'Submitted batch job 31256016'.

[Tue Jan  1 18:42:07 2019]
rule run_simulation:
    input: choose_simulation_parameters.py, ../../tasep.py
    output: output/tasep_10_psr_stats.tsv.gz, output/tasep_10_mrna_lifetime_stats.tsv.gz, output/tasep_10.params.tsv.gz, output/tasep_10_collision_stats.tsv.gz
    jobid: 13
    wildcards: n=10

Submitted job 13 with external jobid 'Submitted batch job 31256019'.

[Tue Jan  1 18:42:07 2019]
rule run_simulation:
    input: choose_simulation_parameters.py, ../../tasep.py
    output: output/tasep_69_psr_stats.tsv.gz, output/tasep_69_mrna_lifetime_stats.tsv.gz, output/tasep_69.params.tsv.gz, output/tasep_69_collision_stats.tsv.gz
    jobid: 72
    wildcards: n=69

Submitted job 72 with external jobid 'Submitted batch job 31256022'.

[Tue Jan  1 18:42:07 2019]
rule run_simulation:
    input: choose_simulation_parameters.py, ../../tasep.py
    output: output/tasep_33_psr_stats.tsv.gz, output/tasep_33_mrna_lifetime_stats.tsv.gz, output/tasep_33.params.tsv.gz, output/tasep_33_collision_stats.tsv.gz
    jobid: 36
    wildcards: n=33

Submitted job 36 with external jobid 'Submitted batch job 31256025'.

[Tue Jan  1 18:42:08 2019]
rule run_simulation:
    input: choose_simulation_parameters.py, ../../tasep.py
    output: output/tasep_4_psr_stats.tsv.gz, output/tasep_4_mrna_lifetime_stats.tsv.gz, output/tasep_4.params.tsv.gz, output/tasep_4_collision_stats.tsv.gz
    jobid: 7
    wildcards: n=4

Submitted job 7 with external jobid 'Submitted batch job 31256028'.

[Tue Jan  1 18:42:08 2019]
rule run_simulation:
    input: choose_simulation_parameters.py, ../../tasep.py
    output: output/tasep_24_psr_stats.tsv.gz, output/tasep_24_mrna_lifetime_stats.tsv.gz, output/tasep_24.params.tsv.gz, output/tasep_24_collision_stats.tsv.gz
    jobid: 27
    wildcards: n=24

Submitted job 27 with external jobid 'Submitted batch job 31256030'.

[Tue Jan  1 18:42:08 2019]
rule run_simulation:
    input: choose_simulation_parameters.py, ../../tasep.py
    output: output/tasep_67_psr_stats.tsv.gz, output/tasep_67_mrna_lifetime_stats.tsv.gz, output/tasep_67.params.tsv.gz, output/tasep_67_collision_stats.tsv.gz
    jobid: 70
    wildcards: n=67

Submitted job 70 with external jobid 'Submitted batch job 31256032'.

[Tue Jan  1 18:42:08 2019]
rule run_simulation:
    input: choose_simulation_parameters.py, ../../tasep.py
    output: output/tasep_7_psr_stats.tsv.gz, output/tasep_7_mrna_lifetime_stats.tsv.gz, output/tasep_7.params.tsv.gz, output/tasep_7_collision_stats.tsv.gz
    jobid: 10
    wildcards: n=7

Submitted job 10 with external jobid 'Submitted batch job 31256034'.

[Tue Jan  1 18:42:08 2019]
rule run_simulation:
    input: choose_simulation_parameters.py, ../../tasep.py
    output: output/tasep_11_psr_stats.tsv.gz, output/tasep_11_mrna_lifetime_stats.tsv.gz, output/tasep_11.params.tsv.gz, output/tasep_11_collision_stats.tsv.gz
    jobid: 14
    wildcards: n=11

Submitted job 14 with external jobid 'Submitted batch job 31256036'.

[Tue Jan  1 18:42:08 2019]
rule run_simulation:
    input: choose_simulation_parameters.py, ../../tasep.py
    output: output/tasep_73_psr_stats.tsv.gz, output/tasep_73_mrna_lifetime_stats.tsv.gz, output/tasep_73.params.tsv.gz, output/tasep_73_collision_stats.tsv.gz
    jobid: 76
    wildcards: n=73

Submitted job 76 with external jobid 'Submitted batch job 31256038'.

[Tue Jan  1 18:42:08 2019]
rule run_simulation:
    input: choose_simulation_parameters.py, ../../tasep.py
    output: output/tasep_30_psr_stats.tsv.gz, output/tasep_30_mrna_lifetime_stats.tsv.gz, output/tasep_30.params.tsv.gz, output/tasep_30_collision_stats.tsv.gz
    jobid: 33
    wildcards: n=30

Submitted job 33 with external jobid 'Submitted batch job 31256040'.

[Tue Jan  1 18:42:08 2019]
rule run_simulation:
    input: choose_simulation_parameters.py, ../../tasep.py
    output: output/tasep_62_psr_stats.tsv.gz, output/tasep_62_mrna_lifetime_stats.tsv.gz, output/tasep_62.params.tsv.gz, output/tasep_62_collision_stats.tsv.gz
    jobid: 65
    wildcards: n=62

Submitted job 65 with external jobid 'Submitted batch job 31256042'.

[Tue Jan  1 18:42:08 2019]
rule run_simulation:
    input: choose_simulation_parameters.py, ../../tasep.py
    output: output/tasep_23_psr_stats.tsv.gz, output/tasep_23_mrna_lifetime_stats.tsv.gz, output/tasep_23.params.tsv.gz, output/tasep_23_collision_stats.tsv.gz
    jobid: 26
    wildcards: n=23

Submitted job 26 with external jobid 'Submitted batch job 31256044'.

[Tue Jan  1 18:42:09 2019]
rule run_simulation:
    input: choose_simulation_parameters.py, ../../tasep.py
    output: output/tasep_13_psr_stats.tsv.gz, output/tasep_13_mrna_lifetime_stats.tsv.gz, output/tasep_13.params.tsv.gz, output/tasep_13_collision_stats.tsv.gz
    jobid: 16
    wildcards: n=13

Submitted job 16 with external jobid 'Submitted batch job 31256046'.

[Tue Jan  1 18:42:09 2019]
rule run_simulation:
    input: choose_simulation_parameters.py, ../../tasep.py
    output: output/tasep_45_psr_stats.tsv.gz, output/tasep_45_mrna_lifetime_stats.tsv.gz, output/tasep_45.params.tsv.gz, output/tasep_45_collision_stats.tsv.gz
    jobid: 48
    wildcards: n=45

Submitted job 48 with external jobid 'Submitted batch job 31256048'.

[Tue Jan  1 18:42:09 2019]
rule run_simulation:
    input: choose_simulation_parameters.py, ../../tasep.py
    output: output/tasep_49_psr_stats.tsv.gz, output/tasep_49_mrna_lifetime_stats.tsv.gz, output/tasep_49.params.tsv.gz, output/tasep_49_collision_stats.tsv.gz
    jobid: 52
    wildcards: n=49

Submitted job 52 with external jobid 'Submitted batch job 31256050'.

[Tue Jan  1 18:42:09 2019]
rule run_simulation:
    input: choose_simulation_parameters.py, ../../tasep.py
    output: output/tasep_72_psr_stats.tsv.gz, output/tasep_72_mrna_lifetime_stats.tsv.gz, output/tasep_72.params.tsv.gz, output/tasep_72_collision_stats.tsv.gz
    jobid: 75
    wildcards: n=72

Submitted job 75 with external jobid 'Submitted batch job 31256052'.

[Tue Jan  1 18:42:09 2019]
rule run_simulation:
    input: choose_simulation_parameters.py, ../../tasep.py
    output: output/tasep_18_psr_stats.tsv.gz, output/tasep_18_mrna_lifetime_stats.tsv.gz, output/tasep_18.params.tsv.gz, output/tasep_18_collision_stats.tsv.gz
    jobid: 21
    wildcards: n=18

Submitted job 21 with external jobid 'Submitted batch job 31256053'.

[Tue Jan  1 18:42:09 2019]
rule run_simulation:
    input: choose_simulation_parameters.py, ../../tasep.py
    output: output/tasep_26_psr_stats.tsv.gz, output/tasep_26_mrna_lifetime_stats.tsv.gz, output/tasep_26.params.tsv.gz, output/tasep_26_collision_stats.tsv.gz
    jobid: 29
    wildcards: n=26

Submitted job 29 with external jobid 'Submitted batch job 31256056'.

[Tue Jan  1 18:42:09 2019]
rule run_simulation:
    input: choose_simulation_parameters.py, ../../tasep.py
    output: output/tasep_34_psr_stats.tsv.gz, output/tasep_34_mrna_lifetime_stats.tsv.gz, output/tasep_34.params.tsv.gz, output/tasep_34_collision_stats.tsv.gz
    jobid: 37
    wildcards: n=34

Submitted job 37 with external jobid 'Submitted batch job 31256057'.

[Tue Jan  1 18:42:09 2019]
rule run_simulation:
    input: choose_simulation_parameters.py, ../../tasep.py
    output: output/tasep_54_psr_stats.tsv.gz, output/tasep_54_mrna_lifetime_stats.tsv.gz, output/tasep_54.params.tsv.gz, output/tasep_54_collision_stats.tsv.gz
    jobid: 57
    wildcards: n=54

Submitted job 57 with external jobid 'Submitted batch job 31256058'.

[Tue Jan  1 18:42:09 2019]
rule run_simulation:
    input: choose_simulation_parameters.py, ../../tasep.py
    output: output/tasep_3_psr_stats.tsv.gz, output/tasep_3_mrna_lifetime_stats.tsv.gz, output/tasep_3.params.tsv.gz, output/tasep_3_collision_stats.tsv.gz
    jobid: 6
    wildcards: n=3

Submitted job 6 with external jobid 'Submitted batch job 31256059'.

[Tue Jan  1 18:42:10 2019]
rule run_simulation:
    input: choose_simulation_parameters.py, ../../tasep.py
    output: output/tasep_61_psr_stats.tsv.gz, output/tasep_61_mrna_lifetime_stats.tsv.gz, output/tasep_61.params.tsv.gz, output/tasep_61_collision_stats.tsv.gz
    jobid: 64
    wildcards: n=61

Submitted job 64 with external jobid 'Submitted batch job 31256060'.

[Tue Jan  1 18:42:10 2019]
rule run_simulation:
    input: choose_simulation_parameters.py, ../../tasep.py
    output: output/tasep_82_psr_stats.tsv.gz, output/tasep_82_mrna_lifetime_stats.tsv.gz, output/tasep_82.params.tsv.gz, output/tasep_82_collision_stats.tsv.gz
    jobid: 85
    wildcards: n=82

Submitted job 85 with external jobid 'Submitted batch job 31256061'.

[Tue Jan  1 18:42:10 2019]
rule run_simulation:
    input: choose_simulation_parameters.py, ../../tasep.py
    output: output/tasep_29_psr_stats.tsv.gz, output/tasep_29_mrna_lifetime_stats.tsv.gz, output/tasep_29.params.tsv.gz, output/tasep_29_collision_stats.tsv.gz
    jobid: 32
    wildcards: n=29

Submitted job 32 with external jobid 'Submitted batch job 31256062'.

[Tue Jan  1 18:42:10 2019]
rule run_simulation:
    input: choose_simulation_parameters.py, ../../tasep.py
    output: output/tasep_70_psr_stats.tsv.gz, output/tasep_70_mrna_lifetime_stats.tsv.gz, output/tasep_70.params.tsv.gz, output/tasep_70_collision_stats.tsv.gz
    jobid: 73
    wildcards: n=70

Submitted job 73 with external jobid 'Submitted batch job 31256063'.

[Tue Jan  1 18:42:10 2019]
rule run_simulation:
    input: choose_simulation_parameters.py, ../../tasep.py
    output: output/tasep_9_psr_stats.tsv.gz, output/tasep_9_mrna_lifetime_stats.tsv.gz, output/tasep_9.params.tsv.gz, output/tasep_9_collision_stats.tsv.gz
    jobid: 12
    wildcards: n=9

Submitted job 12 with external jobid 'Submitted batch job 31256064'.

[Tue Jan  1 18:42:10 2019]
rule run_simulation:
    input: choose_simulation_parameters.py, ../../tasep.py
    output: output/tasep_31_psr_stats.tsv.gz, output/tasep_31_mrna_lifetime_stats.tsv.gz, output/tasep_31.params.tsv.gz, output/tasep_31_collision_stats.tsv.gz
    jobid: 34
    wildcards: n=31

Submitted job 34 with external jobid 'Submitted batch job 31256065'.

[Tue Jan  1 18:42:10 2019]
rule run_simulation:
    input: choose_simulation_parameters.py, ../../tasep.py
    output: output/tasep_36_psr_stats.tsv.gz, output/tasep_36_mrna_lifetime_stats.tsv.gz, output/tasep_36.params.tsv.gz, output/tasep_36_collision_stats.tsv.gz
    jobid: 39
    wildcards: n=36

Submitted job 39 with external jobid 'Submitted batch job 31256066'.

[Tue Jan  1 18:42:10 2019]
rule run_simulation:
    input: choose_simulation_parameters.py, ../../tasep.py
    output: output/tasep_16_psr_stats.tsv.gz, output/tasep_16_mrna_lifetime_stats.tsv.gz, output/tasep_16.params.tsv.gz, output/tasep_16_collision_stats.tsv.gz
    jobid: 19
    wildcards: n=16

Submitted job 19 with external jobid 'Submitted batch job 31256067'.

[Tue Jan  1 18:42:10 2019]
rule run_simulation:
    input: choose_simulation_parameters.py, ../../tasep.py
    output: output/tasep_20_psr_stats.tsv.gz, output/tasep_20_mrna_lifetime_stats.tsv.gz, output/tasep_20.params.tsv.gz, output/tasep_20_collision_stats.tsv.gz
    jobid: 23
    wildcards: n=20

Submitted job 23 with external jobid 'Submitted batch job 31256068'.

[Tue Jan  1 18:42:11 2019]
rule run_simulation:
    input: choose_simulation_parameters.py, ../../tasep.py
    output: output/tasep_14_psr_stats.tsv.gz, output/tasep_14_mrna_lifetime_stats.tsv.gz, output/tasep_14.params.tsv.gz, output/tasep_14_collision_stats.tsv.gz
    jobid: 17
    wildcards: n=14

Submitted job 17 with external jobid 'Submitted batch job 31256069'.

[Tue Jan  1 18:42:11 2019]
rule run_simulation:
    input: choose_simulation_parameters.py, ../../tasep.py
    output: output/tasep_71_psr_stats.tsv.gz, output/tasep_71_mrna_lifetime_stats.tsv.gz, output/tasep_71.params.tsv.gz, output/tasep_71_collision_stats.tsv.gz
    jobid: 74
    wildcards: n=71

Submitted job 74 with external jobid 'Submitted batch job 31256070'.

[Tue Jan  1 18:42:11 2019]
rule run_simulation:
    input: choose_simulation_parameters.py, ../../tasep.py
    output: output/tasep_50_psr_stats.tsv.gz, output/tasep_50_mrna_lifetime_stats.tsv.gz, output/tasep_50.params.tsv.gz, output/tasep_50_collision_stats.tsv.gz
    jobid: 53
    wildcards: n=50

Submitted job 53 with external jobid 'Submitted batch job 31256071'.

[Tue Jan  1 18:42:11 2019]
rule run_simulation:
    input: choose_simulation_parameters.py, ../../tasep.py
    output: output/tasep_81_psr_stats.tsv.gz, output/tasep_81_mrna_lifetime_stats.tsv.gz, output/tasep_81.params.tsv.gz, output/tasep_81_collision_stats.tsv.gz
    jobid: 84
    wildcards: n=81

Submitted job 84 with external jobid 'Submitted batch job 31256072'.

[Tue Jan  1 18:42:11 2019]
rule run_simulation:
    input: choose_simulation_parameters.py, ../../tasep.py
    output: output/tasep_87_psr_stats.tsv.gz, output/tasep_87_mrna_lifetime_stats.tsv.gz, output/tasep_87.params.tsv.gz, output/tasep_87_collision_stats.tsv.gz
    jobid: 90
    wildcards: n=87

Submitted job 90 with external jobid 'Submitted batch job 31256073'.

[Tue Jan  1 18:42:11 2019]
rule run_simulation:
    input: choose_simulation_parameters.py, ../../tasep.py
    output: output/tasep_32_psr_stats.tsv.gz, output/tasep_32_mrna_lifetime_stats.tsv.gz, output/tasep_32.params.tsv.gz, output/tasep_32_collision_stats.tsv.gz
    jobid: 35
    wildcards: n=32

Submitted job 35 with external jobid 'Submitted batch job 31256074'.

[Tue Jan  1 18:42:11 2019]
rule run_simulation:
    input: choose_simulation_parameters.py, ../../tasep.py
    output: output/tasep_77_psr_stats.tsv.gz, output/tasep_77_mrna_lifetime_stats.tsv.gz, output/tasep_77.params.tsv.gz, output/tasep_77_collision_stats.tsv.gz
    jobid: 80
    wildcards: n=77

Submitted job 80 with external jobid 'Submitted batch job 31256075'.

[Tue Jan  1 18:42:11 2019]
rule run_simulation:
    input: choose_simulation_parameters.py, ../../tasep.py
    output: output/tasep_37_psr_stats.tsv.gz, output/tasep_37_mrna_lifetime_stats.tsv.gz, output/tasep_37.params.tsv.gz, output/tasep_37_collision_stats.tsv.gz
    jobid: 40
    wildcards: n=37

Submitted job 40 with external jobid 'Submitted batch job 31256076'.

[Tue Jan  1 18:42:11 2019]
rule run_simulation:
    input: choose_simulation_parameters.py, ../../tasep.py
    output: output/tasep_35_psr_stats.tsv.gz, output/tasep_35_mrna_lifetime_stats.tsv.gz, output/tasep_35.params.tsv.gz, output/tasep_35_collision_stats.tsv.gz
    jobid: 38
    wildcards: n=35

Submitted job 38 with external jobid 'Submitted batch job 31256077'.

[Tue Jan  1 18:42:12 2019]
rule run_simulation:
    input: choose_simulation_parameters.py, ../../tasep.py
    output: output/tasep_74_psr_stats.tsv.gz, output/tasep_74_mrna_lifetime_stats.tsv.gz, output/tasep_74.params.tsv.gz, output/tasep_74_collision_stats.tsv.gz
    jobid: 77
    wildcards: n=74

Submitted job 77 with external jobid 'Submitted batch job 31256078'.

[Tue Jan  1 18:42:12 2019]
rule run_simulation:
    input: choose_simulation_parameters.py, ../../tasep.py
    output: output/tasep_15_psr_stats.tsv.gz, output/tasep_15_mrna_lifetime_stats.tsv.gz, output/tasep_15.params.tsv.gz, output/tasep_15_collision_stats.tsv.gz
    jobid: 18
    wildcards: n=15

Submitted job 18 with external jobid 'Submitted batch job 31256079'.

[Tue Jan  1 18:42:12 2019]
rule run_simulation:
    input: choose_simulation_parameters.py, ../../tasep.py
    output: output/tasep_6_psr_stats.tsv.gz, output/tasep_6_mrna_lifetime_stats.tsv.gz, output/tasep_6.params.tsv.gz, output/tasep_6_collision_stats.tsv.gz
    jobid: 9
    wildcards: n=6

Submitted job 9 with external jobid 'Submitted batch job 31256080'.

[Tue Jan  1 18:42:12 2019]
rule run_simulation:
    input: choose_simulation_parameters.py, ../../tasep.py
    output: output/tasep_83_psr_stats.tsv.gz, output/tasep_83_mrna_lifetime_stats.tsv.gz, output/tasep_83.params.tsv.gz, output/tasep_83_collision_stats.tsv.gz
    jobid: 86
    wildcards: n=83

Submitted job 86 with external jobid 'Submitted batch job 31256082'.

[Tue Jan  1 18:42:12 2019]
rule run_simulation:
    input: choose_simulation_parameters.py, ../../tasep.py
    output: output/tasep_5_psr_stats.tsv.gz, output/tasep_5_mrna_lifetime_stats.tsv.gz, output/tasep_5.params.tsv.gz, output/tasep_5_collision_stats.tsv.gz
    jobid: 8
    wildcards: n=5

Submitted job 8 with external jobid 'Submitted batch job 31256084'.

[Tue Jan  1 18:42:12 2019]
rule run_simulation:
    input: choose_simulation_parameters.py, ../../tasep.py
    output: output/tasep_1_psr_stats.tsv.gz, output/tasep_1_mrna_lifetime_stats.tsv.gz, output/tasep_1.params.tsv.gz, output/tasep_1_collision_stats.tsv.gz
    jobid: 4
    wildcards: n=1

Submitted job 4 with external jobid 'Submitted batch job 31256086'.

[Tue Jan  1 18:42:12 2019]
rule run_simulation:
    input: choose_simulation_parameters.py, ../../tasep.py
    output: output/tasep_39_psr_stats.tsv.gz, output/tasep_39_mrna_lifetime_stats.tsv.gz, output/tasep_39.params.tsv.gz, output/tasep_39_collision_stats.tsv.gz
    jobid: 42
    wildcards: n=39

Submitted job 42 with external jobid 'Submitted batch job 31256088'.
[Tue Jan  1 18:50:45 2019]
Finished job 66.
1 of 93 steps (1%) done
[Tue Jan  1 18:54:40 2019]
Finished job 41.
2 of 93 steps (2%) done
[Tue Jan  1 18:56:29 2019]
Finished job 58.
3 of 93 steps (3%) done
[Tue Jan  1 18:57:06 2019]
Finished job 68.
4 of 93 steps (4%) done
[Tue Jan  1 18:57:23 2019]
Finished job 60.
5 of 93 steps (5%) done
[Tue Jan  1 18:57:25 2019]
Finished job 3.
6 of 93 steps (6%) done
[Tue Jan  1 18:57:59 2019]
Finished job 69.
7 of 93 steps (8%) done
[Tue Jan  1 18:58:18 2019]
Finished job 50.
8 of 93 steps (9%) done
[Tue Jan  1 18:58:35 2019]
Finished job 78.
9 of 93 steps (10%) done
[Tue Jan  1 18:58:36 2019]
Finished job 59.
10 of 93 steps (11%) done
[Tue Jan  1 18:59:29 2019]
Finished job 51.
11 of 93 steps (12%) done
[Tue Jan  1 19:00:23 2019]
Finished job 49.
12 of 93 steps (13%) done
[Tue Jan  1 19:00:40 2019]
Finished job 67.
13 of 93 steps (14%) done
[Tue Jan  1 19:00:40 2019]
Finished job 22.
14 of 93 steps (15%) done
[Tue Jan  1 19:01:31 2019]
Finished job 5.
15 of 93 steps (16%) done
